<?xml version="1.0" encoding="UTF-8"?>
<!-- Generated by org.testng.reporters.JUnitXMLReporter -->
<testsuite hostname="PC7425" failures="0" tests="4" name="Default test" time="8.28" errors="0" timestamp="14 May 2019 07:31:00 GMT">
  <testcase classname="LoginPage.NewTest" name="first" time="8.262"/>
  <testcase classname="LoginPage.NewTest" name="second" time="0.001"/>
  <testcase classname="LoginPage.NewTest1" name="fourth" time="0.003"/>
  <testcase classname="LoginPage.NewTest1" name="third" time="0.001"/>
</testsuite> <!-- Default test -->
