<?xml version="1.0" encoding="UTF-8"?>
<!-- Generated by org.testng.reporters.JUnitXMLReporter -->
<testsuite ignored="0" hostname="PC7425" failures="0" tests="4" name="Test" time="10.622" errors="0" timestamp="15 May 2019 13:07:18 GMT">
  <testcase classname="LoginPage.NewTest" name="first" time="10.596"/>
  <testcase classname="LoginPage.NewTest" name="second" time="0.003"/>
  <testcase classname="LoginPage.NewTest1" name="fourth" time="0.001"/>
  <testcase classname="LoginPage.NewTest1" name="third" time="0.001"/>
</testsuite> <!-- Test -->
