<?xml version="1.0" encoding="UTF-8"?>
<testng-results ignored="0" total="4" passed="4" failed="0" skipped="0">
  <reporter-output>
  </reporter-output>
  <suite started-at="2019-05-16T14:09:48Z" name="TV 2 SUMO" finished-at="2019-05-16T14:10:01Z" duration-ms="12552">
    <groups>
    </groups>
    <test started-at="2019-05-16T14:09:48Z" name="Test" finished-at="2019-05-16T14:10:01Z" duration-ms="12552">
      <class name="LoginPage.NewTest">
        <test-method signature="first()[pri:0, instance:LoginPage.NewTest@704d6e83]" started-at="2019-05-16T16:09:48Z" name="first" finished-at="2019-05-16T16:10:01Z" duration-ms="12535" status="PASS">
          <reporter-output>
          </reporter-output>
        </test-method> <!-- first -->
        <test-method signature="second()[pri:0, instance:LoginPage.NewTest@704d6e83]" started-at="2019-05-16T16:10:01Z" name="second" finished-at="2019-05-16T16:10:01Z" duration-ms="1" status="PASS">
          <reporter-output>
          </reporter-output>
        </test-method> <!-- second -->
      </class> <!-- LoginPage.NewTest -->
      <class name="LoginPage.NewTest1">
        <test-method signature="fourth()[pri:0, instance:LoginPage.NewTest1@3578436e]" started-at="2019-05-16T16:10:01Z" name="fourth" finished-at="2019-05-16T16:10:01Z" duration-ms="0" status="PASS">
          <reporter-output>
          </reporter-output>
        </test-method> <!-- fourth -->
        <test-method signature="third()[pri:0, instance:LoginPage.NewTest1@3578436e]" started-at="2019-05-16T16:10:01Z" name="third" finished-at="2019-05-16T16:10:01Z" duration-ms="0" status="PASS">
          <reporter-output>
          </reporter-output>
        </test-method> <!-- third -->
      </class> <!-- LoginPage.NewTest1 -->
    </test> <!-- Test -->
  </suite> <!-- TV 2 SUMO -->
</testng-results>
