<?xml version="1.0" encoding="UTF-8"?>
<testsuite xmlns:xsi="http://www.w3.org/2001/XMLSchema-instance" xsi:schemaLocation="https://maven.apache.org/surefire/maven-surefire-plugin/xsd/surefire-test-report.xsd" name="TestSuite" time="15.378" tests="4" errors="0" skipped="0" failures="0">
  <properties>
[...]
</properties>
  <testcase name="first" classname="LoginPage.NewTest" time="14.377"/>
  <testcase name="second" classname="LoginPage.NewTest" time="0.001"/>
  <testcase name="fourth" classname="LoginPage.NewTest1" time="0"/>
  <testcase name="third" classname="LoginPage.NewTest1" time="0.001"/>
</testsuite>