<?xml version="1.0" encoding="UTF-8"?>
<!-- Generated by org.testng.reporters.JUnitXMLReporter -->
<testsuite ignored="0" hostname="PC7425" failures="0" tests="4" name="Test" time="14.396" errors="0" timestamp="20 May 2019 07:23:51 GMT">
  <testcase classname="LoginPage.NewTest" name="first" time="14.375"/>
  <testcase classname="LoginPage.NewTest" name="second" time="0.0"/>
  <testcase classname="LoginPage.NewTest1" name="fourth" time="0.0"/>
  <testcase classname="LoginPage.NewTest1" name="third" time="0.0"/>
</testsuite> <!-- Test -->
