<?xml version="1.0" encoding="UTF-8"?>
<testng-results ignored="0" total="4" passed="4" failed="0" skipped="0">
  <reporter-output>
  </reporter-output>
  <suite started-at="2019-05-15T13:07:07Z" name="TV 2 SUMO" finished-at="2019-05-15T13:07:18Z" duration-ms="10622">
    <groups>
    </groups>
    <test started-at="2019-05-15T13:07:07Z" name="Test" finished-at="2019-05-15T13:07:18Z" duration-ms="10622">
      <class name="LoginPage.NewTest">
        <test-method signature="first()[pri:0, instance:LoginPage.NewTest@3bf7ca37]" started-at="2019-05-15T15:07:07Z" name="first" finished-at="2019-05-15T15:07:18Z" duration-ms="10596" status="PASS">
          <reporter-output>
          </reporter-output>
        </test-method> <!-- first -->
        <test-method signature="second()[pri:0, instance:LoginPage.NewTest@3bf7ca37]" started-at="2019-05-15T15:07:18Z" name="second" finished-at="2019-05-15T15:07:18Z" duration-ms="3" status="PASS">
          <reporter-output>
          </reporter-output>
        </test-method> <!-- second -->
      </class> <!-- LoginPage.NewTest -->
      <class name="LoginPage.NewTest1">
        <test-method signature="fourth()[pri:0, instance:LoginPage.NewTest1@4e08711f]" started-at="2019-05-15T15:07:18Z" name="fourth" finished-at="2019-05-15T15:07:18Z" duration-ms="1" status="PASS">
          <reporter-output>
          </reporter-output>
        </test-method> <!-- fourth -->
        <test-method signature="third()[pri:0, instance:LoginPage.NewTest1@4e08711f]" started-at="2019-05-15T15:07:18Z" name="third" finished-at="2019-05-15T15:07:18Z" duration-ms="1" status="PASS">
          <reporter-output>
          </reporter-output>
        </test-method> <!-- third -->
      </class> <!-- LoginPage.NewTest1 -->
    </test> <!-- Test -->
  </suite> <!-- TV 2 SUMO -->
</testng-results>
